  DrawingApplication.cpp
F:\Projects\PIX3D Engine\Application\src\DrawingApplication.cpp(99,100): warning C4244: 'argument': conversion from 'float' to 'uint32_t', possible loss of data
F:\Projects\PIX3D Engine\Application\src\DrawingApplication.cpp(162,57): warning C4244: 'argument': conversion from 'float' to 'uint32_t', possible loss of data
F:\Projects\PIX3D Engine\Application\src\DrawingApplication.cpp(162,39): warning C4244: 'argument': conversion from 'float' to 'uint32_t', possible loss of data
C:\Program Files\Microsoft Visual Studio\2022\Community\VC\Tools\MSVC\14.33.31629\include\utility(190,16): warning C4244: 'initializing': conversion from '_Ty' to '_Ty1', possible loss of data
          with
          [
              _Ty=float
          ]
          and
          [
              _Ty1=uint32_t
          ]
F:\Projects\PIX3D Engine\PIX3D\PIX3D\Platfrom\Platform.h(25): message : see reference to function template instantiation 'std::pair<uint32_t,uint32_t>::pair<float,float,0>(_Other1 &&,_Other2 &&) noexcept' being compiled
          with
          [
              _Other1=float,
              _Other2=float
          ]
F:\Projects\PIX3D Engine\PIX3D\PIX3D\Platfrom\Platform.h(25): message : see reference to function template instantiation 'std::pair<uint32_t,uint32_t>::pair<float,float,0>(_Other1 &&,_Other2 &&) noexcept' being compiled
          with
          [
              _Other1=float,
              _Other2=float
          ]
C:\Program Files\Microsoft Visual Studio\2022\Community\VC\Tools\MSVC\14.33.31629\include\utility(190,54): warning C4244: 'initializing': conversion from '_Ty' to '_Ty2', possible loss of data
          with
          [
              _Ty=float
          ]
          and
          [
              _Ty2=uint32_t
          ]
  Application.vcxproj -> F:\Projects\PIX3D Engine\x64\Debug\Application.exe
