  main.cpp
C:\Program Files\Microsoft Visual Studio\2022\Community\VC\Tools\MSVC\14.33.31629\include\utility(190,16): warning C4244: 'initializing': conversion from '_Ty' to '_Ty1', possible loss of data
          with
          [
              _Ty=float
          ]
          and
          [
              _Ty1=uint32_t
          ]
F:\Projects\PIX3D Engine\PIX3D\PIX3D\Platfrom\Platform.h(17): message : see reference to function template instantiation 'std::pair<uint32_t,uint32_t>::pair<float,float,0>(_Other1 &&,_Other2 &&) noexcept' being compiled
          with
          [
              _Other1=float,
              _Other2=float
          ]
F:\Projects\PIX3D Engine\PIX3D\PIX3D\Platfrom\Platform.h(17): message : see reference to function template instantiation 'std::pair<uint32_t,uint32_t>::pair<float,float,0>(_Other1 &&,_Other2 &&) noexcept' being compiled
          with
          [
              _Other1=float,
              _Other2=float
          ]
C:\Program Files\Microsoft Visual Studio\2022\Community\VC\Tools\MSVC\14.33.31629\include\utility(190,54): warning C4244: 'initializing': conversion from '_Ty' to '_Ty2', possible loss of data
          with
          [
              _Ty=float
          ]
          and
          [
              _Ty2=uint32_t
          ]
F:\Projects\PIX3D Engine\PIX3D\PIX3D\Engine\Engine.hpp(87,33): warning C4244: '=': conversion from 'double' to 'float', possible loss of data
F:\Projects\PIX3D Engine\MyApp\src\main.cpp(24): message : see reference to function template instantiation 'void PIX3D::Engine::CreateApplication<PIX3D::Application>(const PIX3D::ApplicationSpecs &)' being compiled
F:\Projects\PIX3D Engine\PIX3D\PIX3D\Engine\Engine.hpp(88,19): warning C4244: '=': conversion from 'double' to 'float', possible loss of data
LINK : warning LNK4098: defaultlib 'MSVCRT' conflicts with use of other libs; use /NODEFAULTLIB:library
  MyApp.vcxproj -> F:\Projects\PIX3D Engine\x64\Debug\MyApp.exe
